This file contains any messages produced by compilers while
running configure, to aid debugging if configure makes a mistake.

It was created by libsocketcan configure 0.0.9, which was
generated by GNU Autoconf 2.68.  Invocation command line was

  $ ./configure 

## --------- ##
## Platform. ##
## --------- ##

hostname = darkstar
uname -m = x86_64
uname -r = 3.2.29
uname -s = Linux
uname -v = #2 SMP Mon Sep 17 14:19:22 CDT 2012

/usr/bin/uname -p = Intel(R) Core(TM) i5-2410M CPU @ 2.30GHz
/bin/uname -X     = unknown

/bin/arch              = x86_64
/usr/bin/arch -k       = unknown
/usr/convex/getsysinfo = unknown
/usr/bin/hostinfo      = unknown
/bin/machine           = unknown
/usr/bin/oslevel       = unknown
/bin/universe          = unknown

PATH: /home/lucciu/Sourcery_G++_Lite/bin
PATH: /home/lucciu/BeagleBone_demo_files/Uboot/u-boot/tools
PATH: /usr/local/bin
PATH: /usr/bin
PATH: /bin
PATH: /usr/games
PATH: /usr/lib64/kde4/libexec
PATH: /usr/lib64/qt/bin
PATH: /usr/share/texmf/bin
PATH: .


## ----------- ##
## Core tests. ##
## ----------- ##

configure:2281: checking build system type
configure:2295: result: x86_64-unknown-linux-gnu
configure:2315: checking host system type
configure:2328: result: x86_64-unknown-linux-gnu
configure:2417: checking for gcc
configure:2433: found /usr/bin/gcc
configure:2444: result: gcc
configure:2673: checking for C compiler version
configure:2682: gcc --version >&5
gcc (GCC) 4.7.1
Copyright (C) 2012 Free Software Foundation, Inc.
This is free software; see the source for copying conditions.  There is NO
warranty; not even for MERCHANTABILITY or FITNESS FOR A PARTICULAR PURPOSE.

configure:2693: $? = 0
configure:2682: gcc -v >&5
Reading specs from /usr/lib64/gcc/x86_64-slackware-linux/4.7.1/specs
COLLECT_GCC=gcc
COLLECT_LTO_WRAPPER=/usr/libexec/gcc/x86_64-slackware-linux/4.7.1/lto-wrapper
Target: x86_64-slackware-linux
Configured with: ../gcc-4.7.1/configure --prefix=/usr --libdir=/usr/lib64 --mandir=/usr/man --infodir=/usr/info --enable-shared --enable-bootstrap --enable-languages=ada,c,c++,fortran,go,java,lto,objc --enable-threads=posix --enable-checking=release --enable-objc-gc --with-system-zlib --with-python-dir=/lib64/python2.7/site-packages --disable-libunwind-exceptions --enable-__cxa_atexit --enable-libssp --enable-lto --with-gnu-ld --verbose --enable-java-home --with-java-home=/usr/lib64/jvm/jre --with-jvm-root-dir=/usr/lib64/jvm --with-jvm-jar-dir=/usr/lib64/jvm/jvm-exports --with-arch-directory=amd64 --with-antlr-jar=/home/slackware/slackbuilds/gcc/antlr-runtime-3.4.jar --enable-multilib --target=x86_64-slackware-linux --build=x86_64-slackware-linux --host=x86_64-slackware-linux
Thread model: posix
gcc version 4.7.1 (GCC) 
configure:2693: $? = 0
configure:2682: gcc -V >&5
gcc: error: unrecognized command line option '-V'
gcc: fatal error: no input files
compilation terminated.
configure:2693: $? = 1
configure:2682: gcc -qversion >&5
gcc: error: unrecognized command line option '-qversion'
gcc: fatal error: no input files
compilation terminated.
configure:2693: $? = 1
configure:2713: checking whether the C compiler works
configure:2735: gcc  -Wall   conftest.c  >&5
configure:2739: $? = 0
configure:2787: result: yes
configure:2790: checking for C compiler default output file name
configure:2792: result: a.out
configure:2798: checking for suffix of executables
configure:2805: gcc -o conftest  -Wall   conftest.c  >&5
configure:2809: $? = 0
configure:2831: result: 
configure:2853: checking whether we are cross compiling
configure:2861: gcc -o conftest  -Wall   conftest.c  >&5
configure:2865: $? = 0
configure:2872: ./conftest
configure:2876: $? = 0
configure:2891: result: no
configure:2896: checking for suffix of object files
configure:2918: gcc -c  -Wall  conftest.c >&5
configure:2922: $? = 0
configure:2943: result: o
configure:2947: checking whether we are using the GNU C compiler
configure:2966: gcc -c  -Wall  conftest.c >&5
configure:2966: $? = 0
configure:2975: result: yes
configure:2984: checking whether gcc accepts -g
configure:3004: gcc -c -g  conftest.c >&5
configure:3004: $? = 0
configure:3045: result: yes
configure:3062: checking for gcc option to accept ISO C89
configure:3126: gcc  -c  -Wall  conftest.c >&5
configure:3126: $? = 0
configure:3139: result: none needed
configure:3511: checking how to print strings
configure:3538: result: printf
configure:3559: checking for a sed that does not truncate output
configure:3623: result: /usr/bin/sed
configure:3641: checking for grep that handles long lines and -e
configure:3699: result: /usr/bin/grep
configure:3704: checking for egrep
configure:3766: result: /usr/bin/grep -E
configure:3771: checking for fgrep
configure:3833: result: /usr/bin/grep -F
configure:3868: checking for ld used by gcc
configure:3935: result: /usr/x86_64-slackware-linux/bin/ld
configure:3942: checking if the linker (/usr/x86_64-slackware-linux/bin/ld) is GNU ld
configure:3957: result: yes
configure:3969: checking for BSD- or MS-compatible name lister (nm)
configure:4018: result: /usr/bin/nm -B
configure:4148: checking the name lister (/usr/bin/nm -B) interface
configure:4155: gcc -c  -Wall  conftest.c >&5
configure:4158: /usr/bin/nm -B "conftest.o"
configure:4161: output
0000000000000000 B some_variable
configure:4168: result: BSD nm
configure:4171: checking whether ln -s works
configure:4175: result: yes
configure:4183: checking the maximum length of command line arguments
configure:4313: result: 1572864
configure:4330: checking whether the shell understands some XSI constructs
configure:4340: result: yes
configure:4344: checking whether the shell understands "+="
configure:4350: result: yes
configure:4385: checking how to convert x86_64-unknown-linux-gnu file names to x86_64-unknown-linux-gnu format
configure:4425: result: func_convert_file_noop
configure:4432: checking how to convert x86_64-unknown-linux-gnu file names to toolchain format
configure:4452: result: func_convert_file_noop
configure:4459: checking for /usr/x86_64-slackware-linux/bin/ld option to reload object files
configure:4466: result: -r
configure:4540: checking for objdump
configure:4567: result: objdump
configure:4596: checking how to recognize dependent libraries
configure:4798: result: pass_all
configure:4883: checking for dlltool
configure:4910: result: dlltool
configure:4940: checking how to associate runtime and link libraries
configure:4967: result: printf %s\n
configure:5028: checking for ar
configure:5044: found /usr/bin/ar
configure:5055: result: ar
configure:5092: checking for archiver @FILE support
configure:5109: gcc -c  -Wall  conftest.c >&5
configure:5109: $? = 0
configure:5112: ar cru libconftest.a @conftest.lst >&5
configure:5115: $? = 0
configure:5120: ar cru libconftest.a @conftest.lst >&5
ar: conftest.o: No such file or directory
configure:5123: $? = 1
configure:5135: result: @
configure:5193: checking for strip
configure:5209: found /usr/bin/strip
configure:5220: result: strip
configure:5292: checking for ranlib
configure:5308: found /usr/bin/ranlib
configure:5319: result: ranlib
configure:5396: checking for gawk
configure:5412: found /usr/bin/gawk
configure:5423: result: gawk
configure:5463: checking command to parse /usr/bin/nm -B output from gcc object
configure:5583: gcc -c  -Wall  conftest.c >&5
configure:5586: $? = 0
configure:5590: /usr/bin/nm -B conftest.o \| sed -n -e 's/^.*[ ]\([ABCDGIRSTW][ABCDGIRSTW]*\)[ ][ ]*\([_A-Za-z][_A-Za-z0-9]*\)$/\1 \2 \2/p' | sed '/ __gnu_lto/d' \> conftest.nm
configure:5593: $? = 0
configure:5659: gcc -o conftest  -Wall   conftest.c conftstm.o >&5
configure:5662: $? = 0
configure:5700: result: ok
configure:5737: checking for sysroot
configure:5767: result: no
configure:5844: gcc -c  -Wall  conftest.c >&5
configure:5847: $? = 0
configure:6023: checking for mt
configure:6039: found /bin/mt
configure:6050: result: mt
configure:6073: checking if mt is a manifest tool
configure:6079: mt '-?'
usage: mt [-v] [--version] [-h] [ -f device ] command [ count ]
configure:6087: result: no
configure:6729: checking how to run the C preprocessor
configure:6760: gcc -E  conftest.c
configure:6760: $? = 0
configure:6774: gcc -E  conftest.c
conftest.c:9:28: fatal error: ac_nonexistent.h: No such file or directory
compilation terminated.
configure:6774: $? = 1
configure: failed program was:
| /* confdefs.h */
| #define PACKAGE_NAME "libsocketcan"
| #define PACKAGE_TARNAME "libsocketcan"
| #define PACKAGE_VERSION "0.0.9"
| #define PACKAGE_STRING "libsocketcan 0.0.9"
| #define PACKAGE_BUGREPORT "bugs@pengutronix.de"
| #define PACKAGE_URL ""
| /* end confdefs.h.  */
| #include <ac_nonexistent.h>
configure:6799: result: gcc -E
configure:6819: gcc -E  conftest.c
configure:6819: $? = 0
configure:6833: gcc -E  conftest.c
conftest.c:9:28: fatal error: ac_nonexistent.h: No such file or directory
compilation terminated.
configure:6833: $? = 1
configure: failed program was:
| /* confdefs.h */
| #define PACKAGE_NAME "libsocketcan"
| #define PACKAGE_TARNAME "libsocketcan"
| #define PACKAGE_VERSION "0.0.9"
| #define PACKAGE_STRING "libsocketcan 0.0.9"
| #define PACKAGE_BUGREPORT "bugs@pengutronix.de"
| #define PACKAGE_URL ""
| /* end confdefs.h.  */
| #include <ac_nonexistent.h>
configure:6862: checking for ANSI C header files
configure:6882: gcc -c  -Wall  conftest.c >&5
configure:6882: $? = 0
configure:6955: gcc -o conftest  -Wall   conftest.c  >&5
configure:6955: $? = 0
configure:6955: ./conftest
configure:6955: $? = 0
configure:6966: result: yes
configure:6979: checking for sys/types.h
configure:6979: gcc -c  -Wall  conftest.c >&5
configure:6979: $? = 0
configure:6979: result: yes
configure:6979: checking for sys/stat.h
configure:6979: gcc -c  -Wall  conftest.c >&5
configure:6979: $? = 0
configure:6979: result: yes
configure:6979: checking for stdlib.h
configure:6979: gcc -c  -Wall  conftest.c >&5
configure:6979: $? = 0
configure:6979: result: yes
configure:6979: checking for string.h
configure:6979: gcc -c  -Wall  conftest.c >&5
configure:6979: $? = 0
configure:6979: result: yes
configure:6979: checking for memory.h
configure:6979: gcc -c  -Wall  conftest.c >&5
configure:6979: $? = 0
configure:6979: result: yes
configure:6979: checking for strings.h
configure:6979: gcc -c  -Wall  conftest.c >&5
configure:6979: $? = 0
configure:6979: result: yes
configure:6979: checking for inttypes.h
configure:6979: gcc -c  -Wall  conftest.c >&5
configure:6979: $? = 0
configure:6979: result: yes
configure:6979: checking for stdint.h
configure:6979: gcc -c  -Wall  conftest.c >&5
configure:6979: $? = 0
configure:6979: result: yes
configure:6979: checking for unistd.h
configure:6979: gcc -c  -Wall  conftest.c >&5
configure:6979: $? = 0
configure:6979: result: yes
configure:6993: checking for dlfcn.h
configure:6993: gcc -c  -Wall  conftest.c >&5
configure:6993: $? = 0
configure:6993: result: yes
configure:7197: checking for objdir
configure:7212: result: .libs
configure:7479: checking if gcc supports -fno-rtti -fno-exceptions
configure:7497: gcc -c  -Wall  -fno-rtti -fno-exceptions conftest.c >&5
cc1: warning: command line option '-fno-rtti' is valid for C++/ObjC++ but not for C [enabled by default]
configure:7501: $? = 0
configure:7514: result: no
configure:7841: checking for gcc option to produce PIC
configure:7848: result: -fPIC -DPIC
configure:7856: checking if gcc PIC flag -fPIC -DPIC works
configure:7874: gcc -c  -Wall  -fPIC -DPIC -DPIC conftest.c >&5
configure:7878: $? = 0
configure:7891: result: yes
configure:7920: checking if gcc static flag -static works
configure:7948: result: yes
configure:7963: checking if gcc supports -c -o file.o
configure:7984: gcc -c  -Wall  -o out/conftest2.o conftest.c >&5
configure:7988: $? = 0
configure:8010: result: yes
configure:8018: checking if gcc supports -c -o file.o
configure:8065: result: yes
configure:8098: checking whether the gcc linker (/usr/x86_64-slackware-linux/bin/ld -m elf_x86_64) supports shared libraries
configure:9255: result: yes
configure:9292: checking whether -lc should be explicitly linked in
configure:9300: gcc -c  -Wall  conftest.c >&5
configure:9303: $? = 0
configure:9318: gcc -shared  -fPIC -DPIC conftest.o  -v -Wl,-soname -Wl,conftest -o conftest 2\>\&1 \| /usr/bin/grep  -lc  \>/dev/null 2\>\&1
configure:9321: $? = 0
configure:9335: result: no
configure:9495: checking dynamic linker characteristics
configure:10006: gcc -o conftest  -Wall   -Wl,-rpath -Wl,/foo conftest.c  >&5
configure:10006: $? = 0
configure:10240: result: GNU/Linux ld.so
configure:10347: checking how to hardcode library paths into programs
configure:10372: result: immediate
configure:10912: checking whether stripping libraries is possible
configure:10917: result: yes
configure:10952: checking if libtool supports shared libraries
configure:10954: result: yes
configure:10957: checking whether to build shared libraries
configure:10978: result: yes
configure:10981: checking whether to build static libraries
configure:10985: result: yes
configure:11041: checking for a BSD-compatible install
configure:11109: result: /usr/bin/ginstall -c
configure:11120: checking whether build environment is sane
configure:11170: result: yes
configure:11311: checking for a thread-safe mkdir -p
configure:11350: result: /usr/bin/mkdir -p
configure:11359: checking whether make sets $(MAKE)
configure:11381: result: yes
configure:11411: checking for style of include used by make
configure:11439: result: GNU
configure:11524: checking dependency style of gcc
configure:11634: result: gcc3
configure:11671: checking for dirent.h that defines DIR
configure:11690: gcc -c  -Wall  conftest.c >&5
configure:11690: $? = 0
configure:11698: result: yes
configure:11711: checking for library containing opendir
configure:11742: gcc -o conftest  -Wall   conftest.c  >&5
configure:11742: $? = 0
configure:11759: result: none required
configure:11826: checking for ANSI C header files
configure:11930: result: yes
configure:11938: checking for sys/wait.h that is POSIX.1 compatible
configure:11964: gcc -c  -Wall  conftest.c >&5
configure:11964: $? = 0
configure:11971: result: yes
configure:11997: checking arpa/inet.h usability
configure:11997: gcc -c  -Wall  conftest.c >&5
configure:11997: $? = 0
configure:11997: result: yes
configure:11997: checking arpa/inet.h presence
configure:11997: gcc -E  conftest.c
configure:11997: $? = 0
configure:11997: result: yes
configure:11997: checking for arpa/inet.h
configure:11997: result: yes
configure:11997: checking limits.h usability
configure:11997: gcc -c  -Wall  conftest.c >&5
configure:11997: $? = 0
configure:11997: result: yes
configure:11997: checking limits.h presence
configure:11997: gcc -E  conftest.c
configure:11997: $? = 0
configure:11997: result: yes
configure:11997: checking for limits.h
configure:11997: result: yes
configure:11997: checking netdb.h usability
configure:11997: gcc -c  -Wall  conftest.c >&5
configure:11997: $? = 0
configure:11997: result: yes
configure:11997: checking netdb.h presence
configure:11997: gcc -E  conftest.c
configure:11997: $? = 0
configure:11997: result: yes
configure:11997: checking for netdb.h
configure:11997: result: yes
configure:11997: checking netinet/in.h usability
configure:11997: gcc -c  -Wall  conftest.c >&5
configure:11997: $? = 0
configure:11997: result: yes
configure:11997: checking netinet/in.h presence
configure:11997: gcc -E  conftest.c
configure:11997: $? = 0
configure:11997: result: yes
configure:11997: checking for netinet/in.h
configure:11997: result: yes
configure:11997: checking stddef.h usability
configure:11997: gcc -c  -Wall  conftest.c >&5
configure:11997: $? = 0
configure:11997: result: yes
configure:11997: checking stddef.h presence
configure:11997: gcc -E  conftest.c
configure:11997: $? = 0
configure:11997: result: yes
configure:11997: checking for stddef.h
configure:11997: result: yes
configure:11997: checking for stdlib.h
configure:11997: result: yes
configure:11997: checking for string.h
configure:11997: result: yes
configure:11997: checking sys/param.h usability
configure:11997: gcc -c  -Wall  conftest.c >&5
configure:11997: $? = 0
configure:11997: result: yes
configure:11997: checking sys/param.h presence
configure:11997: gcc -E  conftest.c
configure:11997: $? = 0
configure:11997: result: yes
configure:11997: checking for sys/param.h
configure:11997: result: yes
configure:11997: checking sys/socket.h usability
configure:11997: gcc -c  -Wall  conftest.c >&5
configure:11997: $? = 0
configure:11997: result: yes
configure:11997: checking sys/socket.h presence
configure:11997: gcc -E  conftest.c
configure:11997: $? = 0
configure:11997: result: yes
configure:11997: checking for sys/socket.h
configure:11997: result: yes
configure:11997: checking sys/time.h usability
configure:11997: gcc -c  -Wall  conftest.c >&5
configure:11997: $? = 0
configure:11997: result: yes
configure:11997: checking sys/time.h presence
configure:11997: gcc -E  conftest.c
configure:11997: $? = 0
configure:11997: result: yes
configure:11997: checking for sys/time.h
configure:11997: result: yes
configure:11997: checking sys/un.h usability
configure:11997: gcc -c  -Wall  conftest.c >&5
configure:11997: $? = 0
configure:11997: result: yes
configure:11997: checking sys/un.h presence
configure:11997: gcc -E  conftest.c
configure:11997: $? = 0
configure:11997: result: yes
configure:11997: checking for sys/un.h
configure:11997: result: yes
configure:11997: checking for unistd.h
configure:11997: result: yes
configure:11997: checking utime.h usability
configure:11997: gcc -c  -Wall  conftest.c >&5
configure:11997: $? = 0
configure:11997: result: yes
configure:11997: checking utime.h presence
configure:11997: gcc -E  conftest.c
configure:11997: $? = 0
configure:11997: result: yes
configure:11997: checking for utime.h
configure:11997: result: yes
configure:11997: checking net/if.h usability
configure:11997: gcc -c  -Wall  conftest.c >&5
configure:11997: $? = 0
configure:11997: result: yes
configure:11997: checking net/if.h presence
configure:11997: gcc -E  conftest.c
configure:11997: $? = 0
configure:11997: result: yes
configure:11997: checking for net/if.h
configure:11997: result: yes
configure:12011: checking for an ANSI C-conforming const
configure:12076: gcc -c  -Wall  conftest.c >&5
conftest.c: In function 'main':
conftest.c:69:10: warning: 't' is used uninitialized in this function [-Wuninitialized]
conftest.c:85:23: warning: 'b' may be used uninitialized in this function [-Wuninitialized]
configure:12076: $? = 0
configure:12083: result: yes
configure:12091: checking for inline
configure:12107: gcc -c  -Wall  conftest.c >&5
configure:12107: $? = 0
configure:12115: result: inline
configure:12133: checking for size_t
configure:12133: gcc -c  -Wall  conftest.c >&5
configure:12133: $? = 0
configure:12133: gcc -c  -Wall  conftest.c >&5
conftest.c: In function 'main':
conftest.c:76:21: error: expected expression before ')' token
configure:12133: $? = 1
configure: failed program was:
| /* confdefs.h */
| #define PACKAGE_NAME "libsocketcan"
| #define PACKAGE_TARNAME "libsocketcan"
| #define PACKAGE_VERSION "0.0.9"
| #define PACKAGE_STRING "libsocketcan 0.0.9"
| #define PACKAGE_BUGREPORT "bugs@pengutronix.de"
| #define PACKAGE_URL ""
| #define STDC_HEADERS 1
| #define HAVE_SYS_TYPES_H 1
| #define HAVE_SYS_STAT_H 1
| #define HAVE_STDLIB_H 1
| #define HAVE_STRING_H 1
| #define HAVE_MEMORY_H 1
| #define HAVE_STRINGS_H 1
| #define HAVE_INTTYPES_H 1
| #define HAVE_STDINT_H 1
| #define HAVE_UNISTD_H 1
| #define HAVE_DLFCN_H 1
| #define LT_OBJDIR ".libs/"
| #define PACKAGE "libsocketcan"
| #define VERSION "0.0.9"
| #define HAVE_DIRENT_H 1
| #define STDC_HEADERS 1
| #define HAVE_SYS_WAIT_H 1
| #define HAVE_ARPA_INET_H 1
| #define HAVE_LIMITS_H 1
| #define HAVE_NETDB_H 1
| #define HAVE_NETINET_IN_H 1
| #define HAVE_STDDEF_H 1
| #define HAVE_STDLIB_H 1
| #define HAVE_STRING_H 1
| #define HAVE_SYS_PARAM_H 1
| #define HAVE_SYS_SOCKET_H 1
| #define HAVE_SYS_TIME_H 1
| #define HAVE_SYS_UN_H 1
| #define HAVE_UNISTD_H 1
| #define HAVE_UTIME_H 1
| #define HAVE_NET_IF_H 1
| /* end confdefs.h.  */
| #include <stdio.h>
| #ifdef HAVE_SYS_TYPES_H
| # include <sys/types.h>
| #endif
| #ifdef HAVE_SYS_STAT_H
| # include <sys/stat.h>
| #endif
| #ifdef STDC_HEADERS
| # include <stdlib.h>
| # include <stddef.h>
| #else
| # ifdef HAVE_STDLIB_H
| #  include <stdlib.h>
| # endif
| #endif
| #ifdef HAVE_STRING_H
| # if !defined STDC_HEADERS && defined HAVE_MEMORY_H
| #  include <memory.h>
| # endif
| # include <string.h>
| #endif
| #ifdef HAVE_STRINGS_H
| # include <strings.h>
| #endif
| #ifdef HAVE_INTTYPES_H
| # include <inttypes.h>
| #endif
| #ifdef HAVE_STDINT_H
| # include <stdint.h>
| #endif
| #ifdef HAVE_UNISTD_H
| # include <unistd.h>
| #endif
| int
| main ()
| {
| if (sizeof ((size_t)))
| 	    return 0;
|   ;
|   return 0;
| }
configure:12133: result: yes
configure:12144: checking whether time.h and sys/time.h may both be included
configure:12164: gcc -c  -Wall  conftest.c >&5
configure:12164: $? = 0
configure:12171: result: yes
configure:12184: checking for working memcmp
configure:12227: gcc -o conftest  -Wall   conftest.c  >&5
configure:12227: $? = 0
configure:12227: ./conftest
configure:12227: $? = 0
configure:12237: result: yes
configure:12246: checking return type of signal handlers
configure:12264: gcc -c  -Wall  conftest.c >&5
conftest.c: In function 'main':
conftest.c:47:1: error: void value not ignored as it ought to be
configure:12264: $? = 1
configure: failed program was:
| /* confdefs.h */
| #define PACKAGE_NAME "libsocketcan"
| #define PACKAGE_TARNAME "libsocketcan"
| #define PACKAGE_VERSION "0.0.9"
| #define PACKAGE_STRING "libsocketcan 0.0.9"
| #define PACKAGE_BUGREPORT "bugs@pengutronix.de"
| #define PACKAGE_URL ""
| #define STDC_HEADERS 1
| #define HAVE_SYS_TYPES_H 1
| #define HAVE_SYS_STAT_H 1
| #define HAVE_STDLIB_H 1
| #define HAVE_STRING_H 1
| #define HAVE_MEMORY_H 1
| #define HAVE_STRINGS_H 1
| #define HAVE_INTTYPES_H 1
| #define HAVE_STDINT_H 1
| #define HAVE_UNISTD_H 1
| #define HAVE_DLFCN_H 1
| #define LT_OBJDIR ".libs/"
| #define PACKAGE "libsocketcan"
| #define VERSION "0.0.9"
| #define HAVE_DIRENT_H 1
| #define STDC_HEADERS 1
| #define HAVE_SYS_WAIT_H 1
| #define HAVE_ARPA_INET_H 1
| #define HAVE_LIMITS_H 1
| #define HAVE_NETDB_H 1
| #define HAVE_NETINET_IN_H 1
| #define HAVE_STDDEF_H 1
| #define HAVE_STDLIB_H 1
| #define HAVE_STRING_H 1
| #define HAVE_SYS_PARAM_H 1
| #define HAVE_SYS_SOCKET_H 1
| #define HAVE_SYS_TIME_H 1
| #define HAVE_SYS_UN_H 1
| #define HAVE_UNISTD_H 1
| #define HAVE_UTIME_H 1
| #define HAVE_NET_IF_H 1
| #define TIME_WITH_SYS_TIME 1
| /* end confdefs.h.  */
| #include <sys/types.h>
| #include <signal.h>
| 
| int
| main ()
| {
| return *(signal (0, 0)) (0) == 1;
|   ;
|   return 0;
| }
configure:12271: result: void
configure:12279: checking whether lstat correctly handles trailing slash
configure:12305: gcc -o conftest  -Wall   conftest.c  >&5
configure:12305: $? = 0
configure:12305: ./conftest
configure:12305: $? = 0
configure:12322: result: yes
configure:12341: checking whether stat accepts an empty string
configure:12361: gcc -o conftest  -Wall   conftest.c  >&5
configure:12361: $? = 0
configure:12361: ./conftest
configure:12361: $? = 0
configure:12371: result: no
configure:12393: checking for utime.h
configure:12393: result: yes
configure:12407: checking whether utime accepts a null argument
configure:12436: gcc -o conftest  -Wall   conftest.c  >&5
configure:12436: $? = 0
configure:12436: ./conftest
configure:12436: $? = 0
configure:12446: result: yes
configure:12459: checking for gethostbyaddr
configure:12459: gcc -o conftest  -Wall   conftest.c  >&5
configure:12459: $? = 0
configure:12459: result: yes
configure:12459: checking for gethostbyname
configure:12459: gcc -o conftest  -Wall   conftest.c  >&5
configure:12459: $? = 0
configure:12459: result: yes
configure:12459: checking for gethostname
configure:12459: gcc -o conftest  -Wall   conftest.c  >&5
configure:12459: $? = 0
configure:12459: result: yes
configure:12459: checking for gettimeofday
configure:12459: gcc -o conftest  -Wall   conftest.c  >&5
configure:12459: $? = 0
configure:12459: result: yes
configure:12459: checking for memset
configure:12459: gcc -o conftest  -Wall   conftest.c  >&5
conftest.c:72:6: warning: conflicting types for built-in function 'memset' [enabled by default]
configure:12459: $? = 0
configure:12459: result: yes
configure:12459: checking for mkdir
configure:12459: gcc -o conftest  -Wall   conftest.c  >&5
configure:12459: $? = 0
configure:12459: result: yes
configure:12459: checking for socket
configure:12459: gcc -o conftest  -Wall   conftest.c  >&5
configure:12459: $? = 0
configure:12459: result: yes
configure:12459: checking for utime
configure:12459: gcc -o conftest  -Wall   conftest.c  >&5
configure:12459: $? = 0
configure:12459: result: yes
configure:12473: checking whether to enable debugging
configure:12485: result: no
configure:12629: creating ./config.status

## ---------------------- ##
## Running config.status. ##
## ---------------------- ##

This file was extended by libsocketcan config.status 0.0.9, which was
generated by GNU Autoconf 2.68.  Invocation command line was

  CONFIG_FILES    = 
  CONFIG_HEADERS  = 
  CONFIG_LINKS    = 
  CONFIG_COMMANDS = 
  $ ./config.status 

on darkstar

config.status:1128: creating GNUmakefile
config.status:1128: creating config/libsocketcan.pc
config.status:1128: creating config/GNUmakefile
config.status:1128: creating include/GNUmakefile
config.status:1128: creating src/GNUmakefile
config.status:1128: creating include/libsocketcan_config.h
config.status:1357: executing libtool commands
config.status:1357: executing depfiles commands

## ---------------- ##
## Cache variables. ##
## ---------------- ##

ac_cv_build=x86_64-unknown-linux-gnu
ac_cv_c_compiler_gnu=yes
ac_cv_c_const=yes
ac_cv_c_inline=inline
ac_cv_env_CC_set=
ac_cv_env_CC_value=
ac_cv_env_CFLAGS_set=
ac_cv_env_CFLAGS_value=
ac_cv_env_CPPFLAGS_set=
ac_cv_env_CPPFLAGS_value=
ac_cv_env_CPP_set=
ac_cv_env_CPP_value=
ac_cv_env_LDFLAGS_set=
ac_cv_env_LDFLAGS_value=
ac_cv_env_LIBS_set=
ac_cv_env_LIBS_value=
ac_cv_env_build_alias_set=
ac_cv_env_build_alias_value=
ac_cv_env_host_alias_set=
ac_cv_env_host_alias_value=
ac_cv_env_target_alias_set=
ac_cv_env_target_alias_value=
ac_cv_func_gethostbyaddr=yes
ac_cv_func_gethostbyname=yes
ac_cv_func_gethostname=yes
ac_cv_func_gettimeofday=yes
ac_cv_func_lstat_dereferences_slashed_symlink=yes
ac_cv_func_memcmp_working=yes
ac_cv_func_memset=yes
ac_cv_func_mkdir=yes
ac_cv_func_socket=yes
ac_cv_func_stat_empty_string_bug=no
ac_cv_func_utime=yes
ac_cv_func_utime_null=yes
ac_cv_header_arpa_inet_h=yes
ac_cv_header_dirent_dirent_h=yes
ac_cv_header_dlfcn_h=yes
ac_cv_header_inttypes_h=yes
ac_cv_header_limits_h=yes
ac_cv_header_memory_h=yes
ac_cv_header_net_if_h=yes
ac_cv_header_netdb_h=yes
ac_cv_header_netinet_in_h=yes
ac_cv_header_stdc=yes
ac_cv_header_stddef_h=yes
ac_cv_header_stdint_h=yes
ac_cv_header_stdlib_h=yes
ac_cv_header_string_h=yes
ac_cv_header_strings_h=yes
ac_cv_header_sys_param_h=yes
ac_cv_header_sys_socket_h=yes
ac_cv_header_sys_stat_h=yes
ac_cv_header_sys_time_h=yes
ac_cv_header_sys_types_h=yes
ac_cv_header_sys_un_h=yes
ac_cv_header_sys_wait_h=yes
ac_cv_header_time=yes
ac_cv_header_unistd_h=yes
ac_cv_header_utime_h=yes
ac_cv_host=x86_64-unknown-linux-gnu
ac_cv_objext=o
ac_cv_path_EGREP='/usr/bin/grep -E'
ac_cv_path_FGREP='/usr/bin/grep -F'
ac_cv_path_GREP=/usr/bin/grep
ac_cv_path_SED=/usr/bin/sed
ac_cv_path_install='/usr/bin/ginstall -c'
ac_cv_path_mkdir=/usr/bin/mkdir
ac_cv_prog_AWK=gawk
ac_cv_prog_CPP='gcc -E'
ac_cv_prog_ac_ct_AR=ar
ac_cv_prog_ac_ct_CC=gcc
ac_cv_prog_ac_ct_DLLTOOL=dlltool
ac_cv_prog_ac_ct_MANIFEST_TOOL=mt
ac_cv_prog_ac_ct_OBJDUMP=objdump
ac_cv_prog_ac_ct_RANLIB=ranlib
ac_cv_prog_ac_ct_STRIP=strip
ac_cv_prog_cc_c89=
ac_cv_prog_cc_g=yes
ac_cv_prog_make_make_set=yes
ac_cv_search_opendir='none required'
ac_cv_type_signal=void
ac_cv_type_size_t=yes
am_cv_CC_dependencies_compiler_type=gcc3
lt_cv_ar_at_file=@
lt_cv_archive_cmds_need_lc=no
lt_cv_deplibs_check_method=pass_all
lt_cv_file_magic_cmd='$MAGIC_CMD'
lt_cv_file_magic_test_file=
lt_cv_ld_reload_flag=-r
lt_cv_nm_interface='BSD nm'
lt_cv_objdir=.libs
lt_cv_path_LD=/usr/x86_64-slackware-linux/bin/ld
lt_cv_path_NM='/usr/bin/nm -B'
lt_cv_path_mainfest_tool=no
lt_cv_prog_compiler_c_o=yes
lt_cv_prog_compiler_pic='-fPIC -DPIC'
lt_cv_prog_compiler_pic_works=yes
lt_cv_prog_compiler_rtti_exceptions=no
lt_cv_prog_compiler_static_works=yes
lt_cv_prog_gnu_ld=yes
lt_cv_sharedlib_from_linklib_cmd='printf %s\n'
lt_cv_shlibpath_overrides_runpath=no
lt_cv_sys_global_symbol_pipe='sed -n -e '\''s/^.*[	 ]\([ABCDGIRSTW][ABCDGIRSTW]*\)[	 ][	 ]*\([_A-Za-z][_A-Za-z0-9]*\)$/\1 \2 \2/p'\'' | sed '\''/ __gnu_lto/d'\'''
lt_cv_sys_global_symbol_to_c_name_address='sed -n -e '\''s/^: \([^ ]*\)[ ]*$/  {\"\1\", (void *) 0},/p'\'' -e '\''s/^[ABCDGIRSTW]* \([^ ]*\) \([^ ]*\)$/  {"\2", (void *) \&\2},/p'\'''
lt_cv_sys_global_symbol_to_c_name_address_lib_prefix='sed -n -e '\''s/^: \([^ ]*\)[ ]*$/  {\"\1\", (void *) 0},/p'\'' -e '\''s/^[ABCDGIRSTW]* \([^ ]*\) \(lib[^ ]*\)$/  {"\2", (void *) \&\2},/p'\'' -e '\''s/^[ABCDGIRSTW]* \([^ ]*\) \([^ ]*\)$/  {"lib\2", (void *) \&\2},/p'\'''
lt_cv_sys_global_symbol_to_cdecl='sed -n -e '\''s/^T .* \(.*\)$/extern int \1();/p'\'' -e '\''s/^[ABCDGIRSTW]* .* \(.*\)$/extern char \1;/p'\'''
lt_cv_sys_max_cmd_len=1572864
lt_cv_to_host_file_cmd=func_convert_file_noop
lt_cv_to_tool_file_cmd=func_convert_file_noop

## ----------------- ##
## Output variables. ##
## ----------------- ##

ACLOCAL='${SHELL} /home/lucciu/Socket_can/libsocketcan-0.0.9/config/autoconf/missing --run aclocal-1.11'
AMDEPBACKSLASH='\'
AMDEP_FALSE='#'
AMDEP_TRUE=''
AMTAR='${SHELL} /home/lucciu/Socket_can/libsocketcan-0.0.9/config/autoconf/missing --run tar'
AM_BACKSLASH='\'
AM_DEFAULT_VERBOSITY='0'
AR='ar'
AS='as'
AUTOCONF='${SHELL} /home/lucciu/Socket_can/libsocketcan-0.0.9/config/autoconf/missing --run autoconf'
AUTOHEADER='${SHELL} /home/lucciu/Socket_can/libsocketcan-0.0.9/config/autoconf/missing --run autoheader'
AUTOMAKE='${SHELL} /home/lucciu/Socket_can/libsocketcan-0.0.9/config/autoconf/missing --run automake-1.11'
AWK='gawk'
CC='gcc'
CCDEPMODE='depmode=gcc3'
CFLAGS=' -Wall -O2'
CPP='gcc -E'
CPPFLAGS=''
CYGPATH_W='echo'
DEFS='-DHAVE_CONFIG_H'
DEPDIR='.deps'
DLLTOOL='dlltool'
DSYMUTIL=''
DUMPBIN=''
ECHO_C=''
ECHO_N='-n'
ECHO_T=''
EGREP='/usr/bin/grep -E'
EXEEXT=''
FGREP='/usr/bin/grep -F'
GREP='/usr/bin/grep'
INSTALL_DATA='${INSTALL} -m 644'
INSTALL_PROGRAM='${INSTALL}'
INSTALL_SCRIPT='${INSTALL}'
INSTALL_STRIP_PROGRAM='$(install_sh) -c -s'
LD='/usr/x86_64-slackware-linux/bin/ld -m elf_x86_64'
LDFLAGS=''
LIBOBJS=''
LIBS=''
LIBTOOL='$(SHELL) $(top_builddir)/libtool'
LIPO=''
LN_S='ln -s'
LTLIBOBJS=''
LT_AGE='2'
LT_CURRENT='4'
LT_REVISION='0'
MAKEINFO='${SHELL} /home/lucciu/Socket_can/libsocketcan-0.0.9/config/autoconf/missing --run makeinfo'
MANIFEST_TOOL=':'
MKDIR_P='/usr/bin/mkdir -p'
NM='/usr/bin/nm -B'
NMEDIT=''
OBJDUMP='objdump'
OBJEXT='o'
OTOOL64=''
OTOOL=''
PACKAGE='libsocketcan'
PACKAGE_BUGREPORT='bugs@pengutronix.de'
PACKAGE_NAME='libsocketcan'
PACKAGE_STRING='libsocketcan 0.0.9'
PACKAGE_TARNAME='libsocketcan'
PACKAGE_URL=''
PACKAGE_VERSION='0.0.9'
PATH_SEPARATOR=':'
RANLIB='ranlib'
SED='/usr/bin/sed'
SET_MAKE=''
SHELL='/bin/sh'
STRIP='strip'
VERSION='0.0.9'
ac_ct_AR='ar'
ac_ct_CC='gcc'
ac_ct_DUMPBIN=''
am__EXEEXT_FALSE=''
am__EXEEXT_TRUE='#'
am__fastdepCC_FALSE='#'
am__fastdepCC_TRUE=''
am__include='include'
am__isrc=''
am__leading_dot='.'
am__quote=''
am__tar='${AMTAR} chof - "$$tardir"'
am__untar='${AMTAR} xf -'
bindir='${exec_prefix}/bin'
build='x86_64-unknown-linux-gnu'
build_alias=''
build_cpu='x86_64'
build_os='linux-gnu'
build_vendor='unknown'
datadir='${datarootdir}'
datarootdir='${prefix}/share'
docdir='${datarootdir}/doc/${PACKAGE_TARNAME}'
dvidir='${docdir}'
exec_prefix='${prefix}'
host='x86_64-unknown-linux-gnu'
host_alias=''
host_cpu='x86_64'
host_os='linux-gnu'
host_vendor='unknown'
htmldir='${docdir}'
includedir='${prefix}/include'
infodir='${datarootdir}/info'
install_sh='${SHELL} /home/lucciu/Socket_can/libsocketcan-0.0.9/config/autoconf/install-sh'
libdir='${exec_prefix}/lib'
libexecdir='${exec_prefix}/libexec'
localedir='${datarootdir}/locale'
localstatedir='${prefix}/var'
mandir='${datarootdir}/man'
mkdir_p='/usr/bin/mkdir -p'
oldincludedir='/usr/include'
pdfdir='${docdir}'
prefix='/usr/local'
program_transform_name='s,x,x,'
psdir='${docdir}'
sbindir='${exec_prefix}/sbin'
sharedstatedir='${prefix}/com'
sysconfdir='${prefix}/etc'
target_alias=''

## ----------- ##
## confdefs.h. ##
## ----------- ##

/* confdefs.h */
#define PACKAGE_NAME "libsocketcan"
#define PACKAGE_TARNAME "libsocketcan"
#define PACKAGE_VERSION "0.0.9"
#define PACKAGE_STRING "libsocketcan 0.0.9"
#define PACKAGE_BUGREPORT "bugs@pengutronix.de"
#define PACKAGE_URL ""
#define STDC_HEADERS 1
#define HAVE_SYS_TYPES_H 1
#define HAVE_SYS_STAT_H 1
#define HAVE_STDLIB_H 1
#define HAVE_STRING_H 1
#define HAVE_MEMORY_H 1
#define HAVE_STRINGS_H 1
#define HAVE_INTTYPES_H 1
#define HAVE_STDINT_H 1
#define HAVE_UNISTD_H 1
#define HAVE_DLFCN_H 1
#define LT_OBJDIR ".libs/"
#define PACKAGE "libsocketcan"
#define VERSION "0.0.9"
#define HAVE_DIRENT_H 1
#define STDC_HEADERS 1
#define HAVE_SYS_WAIT_H 1
#define HAVE_ARPA_INET_H 1
#define HAVE_LIMITS_H 1
#define HAVE_NETDB_H 1
#define HAVE_NETINET_IN_H 1
#define HAVE_STDDEF_H 1
#define HAVE_STDLIB_H 1
#define HAVE_STRING_H 1
#define HAVE_SYS_PARAM_H 1
#define HAVE_SYS_SOCKET_H 1
#define HAVE_SYS_TIME_H 1
#define HAVE_SYS_UN_H 1
#define HAVE_UNISTD_H 1
#define HAVE_UTIME_H 1
#define HAVE_NET_IF_H 1
#define TIME_WITH_SYS_TIME 1
#define RETSIGTYPE void
#define LSTAT_FOLLOWS_SLASHED_SYMLINK 1
#define HAVE_UTIME_H 1
#define HAVE_UTIME_NULL 1
#define HAVE_GETHOSTBYADDR 1
#define HAVE_GETHOSTBYNAME 1
#define HAVE_GETHOSTNAME 1
#define HAVE_GETTIMEOFDAY 1
#define HAVE_MEMSET 1
#define HAVE_MKDIR 1
#define HAVE_SOCKET 1
#define HAVE_UTIME 1

configure: exit 0
